SF:lib\backend\services\auth\auth_service.dart
DA:9,1
DA:12,0
DA:13,0
DA:15,1
DA:20,2
DA:25,1
DA:26,2
DA:28,1
DA:33,2
DA:38,1
DA:39,2
DA:41,1
DA:42,2
DA:44,0
DA:45,0
LF:15
LH:11
end_of_record
SF:lib\backend\services\auth\auth_user.dart
DA:9,1
DA:15,2
DA:16,1
DA:17,1
DA:18,1
LF:5
LH:5
end_of_record
SF:lib\backend\services\auth\firebase\firebase_auth_provider.dart
DA:13,1
DA:15,1
DA:22,2
DA:26,1
DA:30,0
DA:33,1
DA:35,1
DA:36,1
DA:37,1
DA:38,1
DA:39,1
DA:40,1
DA:41,1
DA:45,0
DA:49,0
DA:53,1
DA:55,2
DA:58,1
DA:64,1
DA:70,2
DA:74,0
DA:78,0
DA:81,1
DA:83,1
DA:84,1
DA:85,1
DA:89,0
DA:93,0
DA:97,1
DA:99,2
DA:101,0
DA:103,1
DA:107,1
DA:109,2
DA:112,0
DA:114,1
DA:118,0
DA:120,0
DA:121,0
LF:39
LH:27
end_of_record
SF:lib\firebase_options.dart
DA:18,0
DA:20,0
DA:25,0
DA:26,0
DA:28,0
DA:30,0
DA:31,0
DA:35,0
DA:36,0
DA:40,0
DA:41,0
DA:46,0
LF:12
LH:0
end_of_record
SF:lib\backend\eventPage\event_repository.dart
DA:9,1
DA:12,1
DA:15,3
DA:16,3
DA:17,1
DA:18,1
DA:19,1
DA:20,1
DA:21,1
DA:22,1
DA:23,1
DA:24,1
DA:25,1
DA:26,1
DA:28,1
DA:32,1
DA:34,3
DA:37,2
DA:38,1
DA:39,1
DA:40,1
DA:41,1
DA:42,1
DA:43,1
DA:44,1
DA:45,1
DA:51,1
DA:52,5
DA:65,1
DA:66,6
DA:67,1
DA:68,1
DA:69,1
DA:70,1
DA:71,1
DA:72,1
DA:73,1
DA:74,1
LF:38
LH:38
end_of_record
SF:lib\models\event_model.dart
DA:15,2
LF:1
LH:1
end_of_record
SF:lib\backend\services\matching_services.dart
DA:7,1
DA:8,1
DA:9,2
DA:10,1
DA:11,1
DA:12,1
DA:14,1
DA:15,3
DA:16,1
LF:9
LH:9
end_of_record
SF:lib\backend\services\notification_services.dart
DA:6,1
DA:7,1
DA:9,3
DA:11,3
DA:12,1
DA:13,1
DA:14,1
DA:15,2
DA:17,1
DA:26,1
DA:28,4
DA:31,1
LF:12
LH:12
end_of_record
SF:lib\backend\services\profile_services.dart
DA:10,1
DA:11,1
DA:21,4
DA:28,4
LF:4
LH:4
end_of_record
SF:lib\backend\services\cloud\cloud_volunteer_history.dart
DA:11,1
DA:20,0
DA:22,0
DA:23,0
DA:24,0
DA:25,0
LF:6
LH:1
end_of_record
SF:lib\backend\services\cloud\firebase\firebase_volunteer_history_provider.dart
DA:10,1
DA:13,3
DA:16,1
DA:22,4
DA:26,1
DA:31,1
DA:35,3
DA:42,1
DA:45,1
DA:46,1
DA:48,2
DA:49,2
DA:53,1
DA:55,3
DA:56,0
DA:57,0
DA:58,0
DA:62,1
DA:65,1
DA:66,1
DA:70,1
DA:71,1
DA:72,3
DA:73,0
LF:24
LH:20
end_of_record
SF:lib\backend\services\cloud\cloud_exceptions\cloud_storage_exception.dart
DA:2,1
LF:1
LH:1
end_of_record
SF:lib\backend\services\cloud\firebase\firebase_cloud_storage.dart
DA:3,0
DA:4,0
DA:5,0
DA:7,0
LF:4
LH:0
end_of_record
